<?xml version="1.0" encoding="UTF-8"?>
<!-- Generated by org.testng.reporters.JUnitReportReporter -->
<testsuite hostname="DESKTOP-SSAFAF1" failures="0" tests="1" name="ApiTesting" time="2.231" errors="0" timestamp="2025-01-08T23:24:01 IST" skipped="0">
  <testcase classname="ApiTesting" name="getVerifyResponse" time="2.231"/>
  <system-out/>
</testsuite> <!-- ApiTesting -->
