<?xml version="1.0" encoding="UTF-8"?>
<!-- Generated by org.testng.reporters.JUnitReportReporter -->
<testsuite hostname="DESKTOP-SSAFAF1" failures="0" tests="1" name="ApiTesting" time="2.282" errors="0" timestamp="2025-01-07T15:34:12 IST" skipped="0">
  <testcase classname="ApiTesting" name="getVerifyResponse" time="2.282"/>
  <system-out/>
</testsuite> <!-- ApiTesting -->
