<?xml version="1.0" encoding="UTF-8"?>
<!-- Generated by org.testng.reporters.JUnitReportReporter -->
<testsuite hostname="DESKTOP-SSAFAF1" failures="0" tests="1" name="WebTesting" time="11.160" errors="0" timestamp="2025-01-07T21:26:17 IST" skipped="0">
  <testcase classname="WebTesting" name="testCase1" time="11.160"/>
  <system-out/>
</testsuite> <!-- WebTesting -->
